<?xml version="1.0" encoding="UTF-8"?>
<!-- Generated by org.testng.reporters.JUnitReportReporter -->
<testsuite hostname="LAPTOP-8GS44H44" failures="0" tests="5" name="com.hotel.utill.CucumberRunner" time="158.220" errors="0" timestamp="2023-06-12T12:09:20 BST" skipped="0">
  <testcase classname="com.hotel.utill.CucumberRunner" name="runScenario" time="15.825"/>
  <system-out>
    <![CDATA[Before execution started successfully
Initiate Browser Session Method execution completed successfully
Before Class execution completed successfully
After Class execution started successfully
After Class execution completed successfully]]>
  </system-out>
  <testcase classname="com.hotel.utill.CucumberRunner" name="runScenario" time="27.685"/>
  <system-out>
    <![CDATA[Before execution started successfully
Initiate Browser Session Method execution completed successfully
Before Class execution completed successfully
The Price match with Actual cost = 4198 vs Total Cost = 4198
After Class execution started successfully
After Class execution completed successfully]]>
  </system-out>
  <testcase classname="com.hotel.utill.CucumberRunner" name="runScenario" time="11.422"/>
  <system-out>
    <![CDATA[Before execution started successfully
Initiate Browser Session Method execution completed successfully
Before Class execution completed successfully
After Class execution started successfully
After Class execution completed successfully]]>
  </system-out>
  <testcase classname="com.hotel.utill.CucumberRunner" name="runScenario" time="38.468"/>
  <system-out>
    <![CDATA[Before execution started successfully
Initiate Browser Session Method execution completed successfully
Before Class execution completed successfully
After Class execution started successfully
After Class execution completed successfully]]>
  </system-out>
  <testcase classname="com.hotel.utill.CucumberRunner" name="runScenario" time="64.820"/>
  <system-out>
    <![CDATA[Before execution started successfully
Initiate Browser Session Method execution completed successfully
Before Class execution completed successfully
After Class execution started successfully
After Class execution completed successfully]]>
  </system-out>
</testsuite> <!-- com.hotel.utill.CucumberRunner -->
