<?xml version="1.0" encoding="UTF-8"?>
<!-- Generated by org.testng.reporters.JUnitReportReporter -->
<testsuite hostname="LAPTOP-8GS44H44" failures="0" tests="1" name="com.hotel.stepDefinitions.HotelReservation_sd" time="4.316" errors="0" timestamp="2023-06-09T11:50:18 BST" skipped="0">
  <testcase classname="com.hotel.stepDefinitions.HotelReservation_sd" name="launch_the_application" time="4.316"/>
  <system-out>
    <![CDATA[Before execution started successfully
Initiate Browser Session Method execution completed successfully
Before Class execution completed successfully]]>
  </system-out>
</testsuite> <!-- com.hotel.stepDefinitions.HotelReservation_sd -->
