<?xml version="1.0" encoding="UTF-8"?>
<!-- Generated by org.testng.reporters.JUnitReportReporter -->
<testsuite hostname="LAPTOP-8GS44H44" failures="0" tests="1" name="steps.HotelReservation_sd" time="0.004" errors="0" timestamp="2023-06-10T10:15:11 BST" skipped="0">
  <testcase classname="steps.HotelReservation_sd" name="launch_the_application" time="0.004"/>
  <system-out/>
</testsuite> <!-- steps.HotelReservation_sd -->
